<?xml version="1.0" encoding="UTF-8"?>
<!-- Generated by org.testng.reporters.JUnitReportReporter -->
<testsuite hostname="LTIN251115" failures="0" tests="4" name="TestCases.TC_03" time="18.992" errors="0" timestamp="2024-02-28T14:40:08 IST" skipped="0">
  <testcase classname="TestCases.TC_03" name="Check3" time="0.389"/>
  <testcase classname="TestCases.TC_03" name="clickHealth" time="4.619"/>
  <testcase classname="TestCases.TC_03" name="clickAgain" time="1.338"/>
  <testcase classname="TestCases.TC_03" name="clickOnceAgain" time="12.646"/>
</testsuite> <!-- TestCases.TC_03 -->
