<?xml version="1.0" encoding="UTF-8"?>
<!-- Generated by org.testng.reporters.JUnitReportReporter -->
<testsuite hostname="LTIN251115" failures="0" tests="3" name="TestCases.TC_02" time="5.417" errors="0" timestamp="2024-02-28T14:40:08 IST" skipped="0">
  <testcase classname="TestCases.TC_02" name="Check2" time="4.221"/>
  <testcase classname="TestCases.TC_02" name="Surg" time="1.138"/>
  <testcase classname="TestCases.TC_02" name="Print" time="0.058"/>
</testsuite> <!-- TestCases.TC_02 -->
