<?xml version="1.0" encoding="UTF-8"?>
<!-- Generated by org.testng.reporters.JUnitReportReporter -->
<testsuite hostname="LTIN251115" failures="0" tests="9" name="TestCases.TC_01" time="30.670" errors="0" timestamp="2024-02-28T14:40:08 IST" skipped="0">
  <testcase classname="TestCases.TC_01" name="Verify" time="0.050"/>
  <testcase classname="TestCases.TC_01" name="SearchBoxIsDisplayed" time="0.048"/>
  <testcase classname="TestCases.TC_01" name="Dr" time="4.571"/>
  <testcase classname="TestCases.TC_01" name="Expertise" time="6.522"/>
  <testcase classname="TestCases.TC_01" name="StoryExp" time="6.707"/>
  <testcase classname="TestCases.TC_01" name="Money" time="3.338"/>
  <testcase classname="TestCases.TC_01" name="ThereOrNot" time="7.815"/>
  <testcase classname="TestCases.TC_01" name="Names" time="0.524"/>
  <testcase classname="TestCases.TC_01" name="Print" time="1.095"/>
</testsuite> <!-- TestCases.TC_01 -->
