<?xml version="1.0" encoding="UTF-8"?>
<!-- Generated by org.testng.reporters.JUnitReportReporter -->
<testsuite hostname="LTIN251115" failures="0" tests="4" name="TestCases.TC_03" time="31.872" errors="0" timestamp="2024-02-28T10:55:56 IST" skipped="0">
  <testcase classname="TestCases.TC_03" name="Check3" time="0.661"/>
  <testcase classname="TestCases.TC_03" name="clickHealth" time="7.097"/>
  <testcase classname="TestCases.TC_03" name="clickAgain" time="2.609"/>
  <testcase classname="TestCases.TC_03" name="clickOnceAgain" time="21.505"/>
</testsuite> <!-- TestCases.TC_03 -->
