<?xml version="1.0" encoding="UTF-8"?>
<!-- Generated by org.testng.reporters.JUnitReportReporter -->
<testsuite hostname="LTIN251115" failures="0" tests="9" name="TestCases.TC_01" time="40.731" errors="0" timestamp="2024-02-28T10:55:56 IST" skipped="0">
  <testcase classname="TestCases.TC_01" name="Verify" time="0.116"/>
  <testcase classname="TestCases.TC_01" name="SearchBoxIsDisplayed" time="0.113"/>
  <testcase classname="TestCases.TC_01" name="Dr" time="6.282"/>
  <testcase classname="TestCases.TC_01" name="Expertise" time="7.977"/>
  <testcase classname="TestCases.TC_01" name="StoryExp" time="9.080"/>
  <testcase classname="TestCases.TC_01" name="Money" time="3.760"/>
  <testcase classname="TestCases.TC_01" name="ThereOrNot" time="10.198"/>
  <testcase classname="TestCases.TC_01" name="Names" time="0.986"/>
  <testcase classname="TestCases.TC_01" name="Print" time="2.219"/>
</testsuite> <!-- TestCases.TC_01 -->
