<?xml version="1.0" encoding="UTF-8"?>
<!-- Generated by org.testng.reporters.JUnitReportReporter -->
<testsuite hostname="LTIN251115" failures="0" tests="3" name="TestCases.TC_02" time="11.371" errors="0" timestamp="2024-02-28T10:55:55 IST" skipped="0">
  <testcase classname="TestCases.TC_02" name="Check2" time="8.386"/>
  <testcase classname="TestCases.TC_02" name="Surg" time="2.875"/>
  <testcase classname="TestCases.TC_02" name="Print" time="0.110"/>
</testsuite> <!-- TestCases.TC_02 -->
